c:\gl\final\x64\debug\vc143.pdb
c:\gl\final\x64\debug\vc143.idb
c:\gl\final\x64\debug\main.obj
c:\gl\final\x64\debug\final.pdb
c:\gl\final\x64\debug\final.tlog\cl.command.1.tlog
c:\gl\final\x64\debug\final.tlog\cl.read.1.tlog
c:\gl\final\x64\debug\final.tlog\cl.write.1.tlog
c:\gl\final\x64\debug\final.tlog\link-cvtres.read.1.tlog
c:\gl\final\x64\debug\final.tlog\link-cvtres.write.1.tlog
c:\gl\final\x64\debug\final.tlog\link-rc.read.1.tlog
c:\gl\final\x64\debug\final.tlog\link-rc.write.1.tlog
c:\gl\final\x64\debug\final.tlog\link.17936-cvtres.read.1.tlog
c:\gl\final\x64\debug\final.tlog\link.17936-cvtres.write.1.tlog
c:\gl\final\x64\debug\final.tlog\link.17936-rc.read.1.tlog
c:\gl\final\x64\debug\final.tlog\link.17936-rc.write.1.tlog
c:\gl\final\x64\debug\final.tlog\link.17936.read.1.tlog
c:\gl\final\x64\debug\final.tlog\link.17936.read.2.tlog
c:\gl\final\x64\debug\final.tlog\link.17936.write.1.tlog
c:\gl\final\x64\debug\final.tlog\link.command.1.tlog
c:\gl\final\x64\debug\final.tlog\link.read.1.tlog
c:\gl\final\x64\debug\final.tlog\link.read.2.tlog
c:\gl\final\x64\debug\final.tlog\link.write.1.tlog
